<?xml version="1.0" encoding="UTF-8"?>
<!-- Generated by org.testng.reporters.JUnitReportReporter -->
<testsuite hostname="LAPTOP-PUUR1V7V" failures="0" tests="1" name="Jenkins.Jenkins.End_to_End_Test_Practice" time="44.964" errors="0" timestamp="2024-04-15T16:37:44 IST" skipped="0">
  <testcase classname="Jenkins.Jenkins.End_to_End_Test_Practice" name="test1" time="44.964"/>
  <system-out/>
</testsuite> <!-- Jenkins.Jenkins.End_to_End_Test_Practice -->
